[PREINITIALIZATION][SERVER][INFO] Thank you to the Patreon supporters below and others who make CraftTweaker possible!
Barrier
quaternary
IDroid
Jonathan McManus
DreamThorn
Spool
BigAl607
otakup0pe
AdaraChristine
Genryu
NickT
technium
Robijnvogel
Ivy_
Shotguun29
Gildrag 09
Peregrinus11
Ncc1702
Pongo Sapiens
If you want to support the mod, checkout https://patreon.com/jaredlll08?s=crtmod

[PREINITIALIZATION][SERVER][INFO] Current loaders after merging: [[preinit]]
[PREINITIALIZATION][SERVER][INFO] Loading scripts for loader with names [preinit]
[PREINITIALIZATION][SERVER][INFO] [preinit | SIDE_SERVER]: Skipping file {[4100:crafttweaker]: crafttweaker\env.dev.zs} as we are currently loading with a different loader
[PREINITIALIZATION][SERVER][INFO] [preinit | SIDE_SERVER]: Skipping file {[4050:crafttweaker]: crafttweaker\utils.zs} as we are currently loading with a different loader
[PREINITIALIZATION][SERVER][INFO] [preinit | SIDE_SERVER]: Skipping file {[4049:crafttweaker]: crafttweaker\craftingUtils.zs} as we are currently loading with a different loader
[PREINITIALIZATION][SERVER][INFO] [preinit | SIDE_SERVER]: Skipping file {[4000:contenttweaker]: contenttweaker\materials\init.zs} as we are currently loading with a different loader
[PREINITIALIZATION][SERVER][INFO] [preinit | SIDE_SERVER]: Skipping file {[4000:contenttweaker]: contenttweaker\materials\utils.zs} as we are currently loading with a different loader
[PREINITIALIZATION][SERVER][INFO] [preinit | SIDE_SERVER]: Skipping file {[4000:crafttweaker]: crafttweaker\preInit.zs} as we are currently loading with a different loader
[PREINITIALIZATION][SERVER][INFO] [preinit | SIDE_SERVER]: Skipping file {[3999:crafttweaker]: crafttweaker\stages.zs} as we are currently loading with a different loader
[PREINITIALIZATION][SERVER][INFO] [preinit | SIDE_SERVER]: Skipping file {[3400:crafttweaker]: crafttweaker\classes\mods\appliedEnergistics.zs} as we are currently loading with a different loader
[PREINITIALIZATION][SERVER][INFO] [preinit | SIDE_SERVER]: Skipping file {[3400:crafttweaker]: crafttweaker\classes\mods\astralSorcery.zs} as we are currently loading with a different loader
[PREINITIALIZATION][SERVER][INFO] [preinit | SIDE_SERVER]: Skipping file {[3400:crafttweaker]: crafttweaker\classes\mods\cyclic.zs} as we are currently loading with a different loader
[PREINITIALIZATION][SERVER][INFO] [preinit | SIDE_SERVER]: Skipping file {[3400:crafttweaker]: crafttweaker\classes\mods\horsePower.zs} as we are currently loading with a different loader
[PREINITIALIZATION][SERVER][INFO] [preinit | SIDE_SERVER]: Skipping file {[3400:crafttweaker]: crafttweaker\classes\mods\industrialForegoing.zs} as we are currently loading with a different loader
[PREINITIALIZATION][SERVER][INFO] [preinit | SIDE_SERVER]: Skipping file {[3400:crafttweaker]: crafttweaker\classes\mods\inspirations.zs} as we are currently loading with a different loader
[PREINITIALIZATION][SERVER][INFO] [preinit | SIDE_SERVER]: Skipping file {[3400:crafttweaker]: crafttweaker\classes\mods\integratedDynamics.zs} as we are currently loading with a different loader
[PREINITIALIZATION][SERVER][INFO] [preinit | SIDE_SERVER]: Skipping file {[3400:crafttweaker]: crafttweaker\classes\mods\mekanism.zs} as we are currently loading with a different loader
[PREINITIALIZATION][SERVER][INFO] [preinit | SIDE_SERVER]: Skipping file {[3400:crafttweaker]: crafttweaker\classes\mods\nuclearCraft.zs} as we are currently loading with a different loader
[PREINITIALIZATION][SERVER][INFO] [preinit | SIDE_SERVER]: Skipping file {[3400:crafttweaker]: crafttweaker\classes\mods\practicalLogistics.zs} as we are currently loading with a different loader
[PREINITIALIZATION][SERVER][INFO] [preinit | SIDE_SERVER]: Skipping file {[3400:crafttweaker]: crafttweaker\classes\mods\prestige.zs} as we are currently loading with a different loader
[PREINITIALIZATION][SERVER][INFO] [preinit | SIDE_SERVER]: Skipping file {[3400:crafttweaker]: crafttweaker\classes\mods\rustic.zs} as we are currently loading with a different loader
[PREINITIALIZATION][SERVER][INFO] [preinit | SIDE_SERVER]: Skipping file {[3400:crafttweaker]: crafttweaker\classes\mods\tinkers.zs} as we are currently loading with a different loader
[PREINITIALIZATION][SERVER][INFO] [preinit | SIDE_SERVER]: Skipping file {[3400:crafttweaker]: crafttweaker\classes\utils\recipeUtil.zs} as we are currently loading with a different loader
[PREINITIALIZATION][SERVER][INFO] [preinit | SIDE_SERVER]: Skipping file {[3100:crafttweaker]: crafttweaker\classes\init.zs} as we are currently loading with a different loader
[PREINITIALIZATION][SERVER][INFO] [preinit | SIDE_SERVER]: Skipping file {[3000:crafttweaker]: crafttweaker\classes\resources\resource.zs} as we are currently loading with a different loader
[PREINITIALIZATION][SERVER][INFO] [preinit | SIDE_SERVER]: Skipping file {[3000:crafttweaker]: crafttweaker\classes\resources\resourceHogType.zs} as we are currently loading with a different loader
[PREINITIALIZATION][SERVER][INFO] [preinit | SIDE_SERVER]: Skipping file {[3000:crafttweaker]: crafttweaker\classes\resources\skyOrchardsType.zs} as we are currently loading with a different loader
[PREINITIALIZATION][SERVER][INFO] [preinit | SIDE_SERVER]: Skipping file {[2850:crafttweaker]: crafttweaker\classes\utils\unifier.zs} as we are currently loading with a different loader
[PREINITIALIZATION][SERVER][INFO] [preinit | SIDE_SERVER]: Skipping file {[2849:crafttweaker]: crafttweaker\classes\initUnifier.zs} as we are currently loading with a different loader
[PREINITIALIZATION][SERVER][INFO] [preinit | SIDE_SERVER]: Skipping file {[2700:crafttweaker]: crafttweaker\oredict\carpet.zs} as we are currently loading with a different loader
[PREINITIALIZATION][SERVER][INFO] [preinit | SIDE_SERVER]: Skipping file {[2700:crafttweaker]: crafttweaker\oredict\cauldron.zs} as we are currently loading with a different loader
[PREINITIALIZATION][SERVER][INFO] [preinit | SIDE_SERVER]: Skipping file {[2700:crafttweaker]: crafttweaker\oredict\mods\appliedEnergistics2.zs} as we are currently loading with a different loader
[PREINITIALIZATION][SERVER][INFO] [preinit | SIDE_SERVER]: Skipping file {[2700:crafttweaker]: crafttweaker\oredict\mods\matteroverdrive.zs} as we are currently loading with a different loader
[PREINITIALIZATION][SERVER][INFO] [preinit | SIDE_SERVER]: Skipping file {[2700:crafttweaker]: crafttweaker\oredict\mods\thermalFoundation.zs} as we are currently loading with a different loader
[PREINITIALIZATION][SERVER][INFO] [preinit | SIDE_SERVER]: Skipping file {[2700:crafttweaker]: crafttweaker\oredict\mods\twilightForest.zs} as we are currently loading with a different loader
[PREINITIALIZATION][SERVER][INFO] [preinit | SIDE_SERVER]: Skipping file {[2600:crafttweaker]: crafttweaker\oredict\leaves.zs} as we are currently loading with a different loader
[PREINITIALIZATION][SERVER][INFO] [preinit | SIDE_SERVER]: Skipping file {[2600:crafttweaker]: crafttweaker\oredict\misc.zs} as we are currently loading with a different loader
[PREINITIALIZATION][SERVER][INFO] [preinit | SIDE_SERVER]: Skipping file {[2350:crafttweaker]: crafttweaker\resources\resourceHogs.zs} as we are currently loading with a different loader
[PREINITIALIZATION][SERVER][INFO] [preinit | SIDE_SERVER]: Skipping file {[2350:crafttweaker]: crafttweaker\resources\skyOrchards.zs} as we are currently loading with a different loader
[PREINITIALIZATION][SERVER][INFO] [preinit | SIDE_SERVER]: Skipping file {[2349:crafttweaker]: crafttweaker\resources\resources.zs} as we are currently loading with a different loader
[PREINITIALIZATION][SERVER][INFO] [preinit | SIDE_SERVER]: Skipping file {[2348:crafttweaker]: crafttweaker\resources\unify.zs} as we are currently loading with a different loader
[PREINITIALIZATION][SERVER][INFO] [preinit | SIDE_SERVER]: Skipping file {[2300:crafttweaker]: crafttweaker\resources\init.zs} as we are currently loading with a different loader
[PREINITIALIZATION][SERVER][INFO] [preinit | SIDE_SERVER]: Skipping file {[0:contenttweaker]: contenttweaker\blocks.zs} as we are currently loading with a different loader
[PREINITIALIZATION][SERVER][INFO] [preinit | SIDE_SERVER]: Skipping file {[0:contenttweaker]: contenttweaker\fluids.zs} as we are currently loading with a different loader
[PREINITIALIZATION][SERVER][INFO] [preinit | SIDE_SERVER]: Skipping file {[0:contenttweaker]: contenttweaker\items.zs} as we are currently loading with a different loader
[PREINITIALIZATION][SERVER][INFO] [preinit | SIDE_SERVER]: Skipping file {[0:contenttweaker]: contenttweaker\materials\largeScale.zs} as we are currently loading with a different loader
[PREINITIALIZATION][SERVER][INFO] [preinit | SIDE_SERVER]: Skipping file {[0:contenttweaker]: contenttweaker\materials\misc.zs} as we are currently loading with a different loader
[PREINITIALIZATION][SERVER][INFO] [preinit | SIDE_SERVER]: Skipping file {[0:crafttweaker]: crafttweaker\env.production.zs} as we are currently loading with a different loader
[PREINITIALIZATION][SERVER][INFO] [preinit | SIDE_SERVER]: Skipping file {[0:crafttweaker]: crafttweaker\grassSeedDrop.zs} as we are currently loading with a different loader
[PREINITIALIZATION][SERVER][INFO] [preinit | SIDE_SERVER]: Skipping file {[0:crafttweaker]: crafttweaker\itemModifiers\burnTime.zs} as we are currently loading with a different loader
[PREINITIALIZATION][SERVER][INFO] [preinit | SIDE_SERVER]: Skipping file {[0:crafttweaker]: crafttweaker\itemModifiers\hardness.zs} as we are currently loading with a different loader
[PREINITIALIZATION][SERVER][INFO] [preinit | SIDE_SERVER]: Skipping file {[0:crafttweaker]: crafttweaker\itemModifiers\harvestLevel.zs} as we are currently loading with a different loader
[PREINITIALIZATION][SERVER][INFO] [preinit | SIDE_SERVER]: Skipping file {[0:crafttweaker]: crafttweaker\itemModifiers\hide.zs} as we are currently loading with a different loader
[PREINITIALIZATION][SERVER][INFO] [preinit | SIDE_SERVER]: Skipping file {[0:crafttweaker]: crafttweaker\itemModifiers\rename.zs} as we are currently loading with a different loader
[PREINITIALIZATION][SERVER][INFO] [preinit | SIDE_SERVER]: Skipping file {[0:crafttweaker]: crafttweaker\itemModifiers\tooltips.zs} as we are currently loading with a different loader
[PREINITIALIZATION][SERVER][INFO] [preinit | SIDE_SERVER]: Skipping file {[0:crafttweaker]: crafttweaker\modIntegrations\appliedEnergistics2.zs} as we are currently loading with a different loader
[PREINITIALIZATION][SERVER][INFO] [preinit | SIDE_SERVER]: Skipping file {[0:crafttweaker]: crafttweaker\modIntegrations\bonsaitrees.zs} as we are currently loading with a different loader
[PREINITIALIZATION][SERVER][INFO] [preinit | SIDE_SERVER]: Skipping file {[0:crafttweaker]: crafttweaker\modIntegrations\cyclic.zs} as we are currently loading with a different loader
[PREINITIALIZATION][SERVER][INFO] [preinit | SIDE_SERVER]: Skipping file {[0:crafttweaker]: crafttweaker\modIntegrations\horsePower.zs} as we are currently loading with a different loader
[PREINITIALIZATION][SERVER][INFO] [preinit | SIDE_SERVER]: Skipping file {[0:crafttweaker]: crafttweaker\modIntegrations\industrialForegoing.zs} as we are currently loading with a different loader
[PREINITIALIZATION][SERVER][INFO] [preinit | SIDE_SERVER]: Skipping file {[0:crafttweaker]: crafttweaker\modIntegrations\inspirations.zs} as we are currently loading with a different loader
[PREINITIALIZATION][SERVER][INFO] [preinit | SIDE_SERVER]: Skipping file {[0:crafttweaker]: crafttweaker\modIntegrations\integratedDynamics.zs} as we are currently loading with a different loader
[PREINITIALIZATION][SERVER][INFO] [preinit | SIDE_SERVER]: Skipping file {[0:crafttweaker]: crafttweaker\modIntegrations\mekanism.zs} as we are currently loading with a different loader
[PREINITIALIZATION][SERVER][INFO] [preinit | SIDE_SERVER]: Skipping file {[0:crafttweaker]: crafttweaker\modIntegrations\nuclearcraft.zs} as we are currently loading with a different loader
[PREINITIALIZATION][SERVER][INFO] [preinit | SIDE_SERVER]: Skipping file {[0:crafttweaker]: crafttweaker\modIntegrations\practicalLogistics.zs} as we are currently loading with a different loader
[PREINITIALIZATION][SERVER][INFO] [preinit | SIDE_SERVER]: Skipping file {[0:crafttweaker]: crafttweaker\modIntegrations\rustic.zs} as we are currently loading with a different loader
[PREINITIALIZATION][SERVER][INFO] [preinit | SIDE_SERVER]: Skipping file {[0:crafttweaker]: crafttweaker\modIntegrations\tinkers.zs} as we are currently loading with a different loader
[PREINITIALIZATION][SERVER][INFO] [preinit | SIDE_SERVER]: Skipping file {[0:crafttweaker]: crafttweaker\oredict\mods\industrialForegoing.zs} as we are currently loading with a different loader
[PREINITIALIZATION][SERVER][INFO] [preinit | SIDE_SERVER]: Skipping file {[0:crafttweaker]: crafttweaker\prestige.zs} as we are currently loading with a different loader
[PREINITIALIZATION][SERVER][INFO] [preinit | SIDE_SERVER]: Skipping file {[0:crafttweaker]: crafttweaker\recipes\furnace.zs} as we are currently loading with a different loader
[PREINITIALIZATION][SERVER][INFO] [preinit | SIDE_SERVER]: Skipping file {[0:crafttweaker]: crafttweaker\recipes\mods\animalcrops.zs} as we are currently loading with a different loader
[PREINITIALIZATION][SERVER][INFO] [preinit | SIDE_SERVER]: Skipping file {[0:crafttweaker]: crafttweaker\recipes\mods\appliedEnergistics2.zs} as we are currently loading with a different loader
[PREINITIALIZATION][SERVER][INFO] [preinit | SIDE_SERVER]: Skipping file {[0:crafttweaker]: crafttweaker\recipes\mods\astralSorcery.zs} as we are currently loading with a different loader
[PREINITIALIZATION][SERVER][INFO] [preinit | SIDE_SERVER]: Skipping file {[0:crafttweaker]: crafttweaker\recipes\mods\bdsandm.zs} as we are currently loading with a different loader
[PREINITIALIZATION][SERVER][INFO] [preinit | SIDE_SERVER]: Skipping file {[0:crafttweaker]: crafttweaker\recipes\mods\chineseworkshop.zs} as we are currently loading with a different loader
[PREINITIALIZATION][SERVER][INFO] [preinit | SIDE_SERVER]: Skipping file {[0:crafttweaker]: crafttweaker\recipes\mods\clickMachine.zs} as we are currently loading with a different loader
[PREINITIALIZATION][SERVER][INFO] [preinit | SIDE_SERVER]: Skipping file {[0:crafttweaker]: crafttweaker\recipes\mods\cookingForBlockheads.zs} as we are currently loading with a different loader
[PREINITIALIZATION][SERVER][INFO] [preinit | SIDE_SERVER]: Skipping file {[0:crafttweaker]: crafttweaker\recipes\mods\cyclic.zs} as we are currently loading with a different loader
[PREINITIALIZATION][SERVER][INFO] [preinit | SIDE_SERVER]: Skipping file {[0:crafttweaker]: crafttweaker\recipes\mods\darkutils.zs} as we are currently loading with a different loader
[PREINITIALIZATION][SERVER][INFO] [preinit | SIDE_SERVER]: Skipping file {[0:crafttweaker]: crafttweaker\recipes\mods\deepMobLearning.zs} as we are currently loading with a different loader
[PREINITIALIZATION][SERVER][INFO] [preinit | SIDE_SERVER]: Skipping file {[0:crafttweaker]: crafttweaker\recipes\mods\extraCells.zs} as we are currently loading with a different loader
[PREINITIALIZATION][SERVER][INFO] [preinit | SIDE_SERVER]: Skipping file {[0:crafttweaker]: crafttweaker\recipes\mods\iChunUtil.zs} as we are currently loading with a different loader
[PREINITIALIZATION][SERVER][INFO] [preinit | SIDE_SERVER]: Skipping file {[0:crafttweaker]: crafttweaker\recipes\mods\industrialForegoing.zs} as we are currently loading with a different loader
[PREINITIALIZATION][SERVER][INFO] [preinit | SIDE_SERVER]: Skipping file {[0:crafttweaker]: crafttweaker\recipes\mods\inspirations.zs} as we are currently loading with a different loader
[PREINITIALIZATION][SERVER][INFO] [preinit | SIDE_SERVER]: Skipping file {[0:crafttweaker]: crafttweaker\recipes\mods\ironJetpacks.zs} as we are currently loading with a different loader
[PREINITIALIZATION][SERVER][INFO] [preinit | SIDE_SERVER]: Skipping file {[0:crafttweaker]: crafttweaker\recipes\mods\matterOverdrive.zs} as we are currently loading with a different loader
[PREINITIALIZATION][SERVER][INFO] [preinit | SIDE_SERVER]: Skipping file {[0:crafttweaker]: crafttweaker\recipes\mods\mekanism.zs} as we are currently loading with a different loader
[PREINITIALIZATION][SERVER][INFO] [preinit | SIDE_SERVER]: Skipping file {[0:crafttweaker]: crafttweaker\recipes\mods\microblockcbe.zs} as we are currently loading with a different loader
[PREINITIALIZATION][SERVER][INFO] [preinit | SIDE_SERVER]: Skipping file {[0:crafttweaker]: crafttweaker\recipes\mods\minecraft.zs} as we are currently loading with a different loader
[PREINITIALIZATION][SERVER][INFO] [preinit | SIDE_SERVER]: Skipping file {[0:crafttweaker]: crafttweaker\recipes\mods\mysticalAgriculture.zs} as we are currently loading with a different loader
[PREINITIALIZATION][SERVER][INFO] [preinit | SIDE_SERVER]: Skipping file {[0:crafttweaker]: crafttweaker\recipes\mods\nuclearcraft.zs} as we are currently loading with a different loader
[PREINITIALIZATION][SERVER][INFO] [preinit | SIDE_SERVER]: Skipping file {[0:crafttweaker]: crafttweaker\recipes\mods\parabox.zs} as we are currently loading with a different loader
[PREINITIALIZATION][SERVER][INFO] [preinit | SIDE_SERVER]: Skipping file {[0:crafttweaker]: crafttweaker\recipes\mods\primitiveCrafting.zs} as we are currently loading with a different loader
[PREINITIALIZATION][SERVER][INFO] [preinit | SIDE_SERVER]: Skipping file {[0:crafttweaker]: crafttweaker\recipes\mods\projecte.zs} as we are currently loading with a different loader
[PREINITIALIZATION][SERVER][INFO] [preinit | SIDE_SERVER]: Skipping file {[0:crafttweaker]: crafttweaker\recipes\mods\resourceHogs.zs} as we are currently loading with a different loader
[PREINITIALIZATION][SERVER][INFO] [preinit | SIDE_SERVER]: Skipping file {[0:crafttweaker]: crafttweaker\recipes\mods\rftools.zs} as we are currently loading with a different loader
[PREINITIALIZATION][SERVER][INFO] [preinit | SIDE_SERVER]: Skipping file {[0:crafttweaker]: crafttweaker\recipes\mods\rustic.zs} as we are currently loading with a different loader
[PREINITIALIZATION][SERVER][INFO] [preinit | SIDE_SERVER]: Skipping file {[0:crafttweaker]: crafttweaker\recipes\mods\skyOrchards.zs} as we are currently loading with a different loader
[PREINITIALIZATION][SERVER][INFO] [preinit | SIDE_SERVER]: Skipping file {[0:crafttweaker]: crafttweaker\recipes\mods\slabMachines.zs} as we are currently loading with a different loader
[PREINITIALIZATION][SERVER][INFO] [preinit | SIDE_SERVER]: Skipping file {[0:crafttweaker]: crafttweaker\recipes\mods\sonarcore.zs} as we are currently loading with a different loader
[PREINITIALIZATION][SERVER][INFO] [preinit | SIDE_SERVER]: Skipping file {[0:crafttweaker]: crafttweaker\recipes\mods\statues.zs} as we are currently loading with a different loader
[PREINITIALIZATION][SERVER][INFO] [preinit | SIDE_SERVER]: Skipping file {[0:crafttweaker]: crafttweaker\recipes\mods\tconstruct.zs} as we are currently loading with a different loader
[PREINITIALIZATION][SERVER][INFO] [preinit | SIDE_SERVER]: Skipping file {[0:crafttweaker]: crafttweaker\recipes\mods\telepastries.zs} as we are currently loading with a different loader
[PREINITIALIZATION][SERVER][INFO] [preinit | SIDE_SERVER]: Skipping file {[0:crafttweaker]: crafttweaker\recipes\mods\thermalFoundation.zs} as we are currently loading with a different loader
[PREINITIALIZATION][SERVER][INFO] [preinit | SIDE_SERVER]: Skipping file {[0:crafttweaker]: crafttweaker\recipes\mods\tinyProgressions.zs} as we are currently loading with a different loader
[PREINITIALIZATION][SERVER][INFO] [preinit | SIDE_SERVER]: Skipping file {[0:crafttweaker]: crafttweaker\recipes\mods\torchmaster.zs} as we are currently loading with a different loader
[PREINITIALIZATION][SERVER][INFO] [preinit | SIDE_SERVER]: Skipping file {[0:crafttweaker]: crafttweaker\recipes\mods\twilightForest.zs} as we are currently loading with a different loader
[PREINITIALIZATION][SERVER][INFO] [preinit | SIDE_SERVER]: Skipping file {[0:crafttweaker]: crafttweaker\recipes\mods\valkyrieLib.zs} as we are currently loading with a different loader
[PREINITIALIZATION][SERVER][INFO] [preinit | SIDE_SERVER]: Skipping file {[0:crafttweaker]: crafttweaker\recipes\mods\xlfoods.zs} as we are currently loading with a different loader
[PREINITIALIZATION][SERVER][INFO] [preinit | SIDE_SERVER]: Skipping file {[0:crafttweaker]: crafttweaker\recipes\removeAndHide.zs} as we are currently loading with a different loader
[PREINITIALIZATION][SERVER][INFO] [preinit | SIDE_SERVER]: Skipping file {[0:crafttweaker]: crafttweaker\recipes\removeCategory.zs} as we are currently loading with a different loader
[PREINITIALIZATION][SERVER][INFO] [preinit | SIDE_SERVER]: Skipping file {[0:crafttweaker]: crafttweaker\staging\containers.zs} as we are currently loading with a different loader
[PREINITIALIZATION][SERVER][INFO] [preinit | SIDE_SERVER]: Skipping file {[0:crafttweaker]: crafttweaker\staging\dimensions.zs} as we are currently loading with a different loader
[PREINITIALIZATION][SERVER][INFO] [preinit | SIDE_SERVER]: Skipping file {[0:crafttweaker]: crafttweaker\staging\itemsAndRecipes\items\amberMulch.zs} as we are currently loading with a different loader
[PREINITIALIZATION][SERVER][INFO] [preinit | SIDE_SERVER]: Skipping file {[0:crafttweaker]: crafttweaker\staging\itemsAndRecipes\items\android.zs} as we are currently loading with a different loader
[PREINITIALIZATION][SERVER][INFO] [preinit | SIDE_SERVER]: Skipping file {[0:crafttweaker]: crafttweaker\staging\itemsAndRecipes\items\blackMulch.zs} as we are currently loading with a different loader
[PREINITIALIZATION][SERVER][INFO] [preinit | SIDE_SERVER]: Skipping file {[0:crafttweaker]: crafttweaker\staging\itemsAndRecipes\items\blueMulch.zs} as we are currently loading with a different loader
[PREINITIALIZATION][SERVER][INFO] [preinit | SIDE_SERVER]: Skipping file {[0:crafttweaker]: crafttweaker\staging\itemsAndRecipes\items\blueSlimeDirt.zs} as we are currently loading with a different loader
[PREINITIALIZATION][SERVER][INFO] [preinit | SIDE_SERVER]: Skipping file {[0:crafttweaker]: crafttweaker\staging\itemsAndRecipes\items\bonsaiTrees.zs} as we are currently loading with a different loader
[PREINITIALIZATION][SERVER][INFO] [preinit | SIDE_SERVER]: Skipping file {[0:crafttweaker]: crafttweaker\staging\itemsAndRecipes\items\brownMulch.zs} as we are currently loading with a different loader
[PREINITIALIZATION][SERVER][INFO] [preinit | SIDE_SERVER]: Skipping file {[0:crafttweaker]: crafttweaker\staging\itemsAndRecipes\items\fertileSoil.zs} as we are currently loading with a different loader
[PREINITIALIZATION][SERVER][INFO] [preinit | SIDE_SERVER]: Skipping file {[0:crafttweaker]: crafttweaker\staging\itemsAndRecipes\items\megaTorch.zs} as we are currently loading with a different loader
[PREINITIALIZATION][SERVER][INFO] [preinit | SIDE_SERVER]: Skipping file {[0:crafttweaker]: crafttweaker\staging\itemsAndRecipes\items\mobGrindingUtils.zs} as we are currently loading with a different loader
[PREINITIALIZATION][SERVER][INFO] [preinit | SIDE_SERVER]: Skipping file {[0:crafttweaker]: crafttweaker\staging\itemsAndRecipes\items\nonPacifist.zs} as we are currently loading with a different loader
[PREINITIALIZATION][SERVER][INFO] [preinit | SIDE_SERVER]: Skipping file {[0:crafttweaker]: crafttweaker\staging\itemsAndRecipes\items\orangeSlimeDirt.zs} as we are currently loading with a different loader
[PREINITIALIZATION][SERVER][INFO] [preinit | SIDE_SERVER]: Skipping file {[0:crafttweaker]: crafttweaker\staging\itemsAndRecipes\items\paraboxTwo.zs} as we are currently loading with a different loader
[PREINITIALIZATION][SERVER][INFO] [preinit | SIDE_SERVER]: Skipping file {[0:crafttweaker]: crafttweaker\staging\itemsAndRecipes\items\prosperityTree.zs} as we are currently loading with a different loader
[PREINITIALIZATION][SERVER][INFO] [preinit | SIDE_SERVER]: Skipping file {[0:crafttweaker]: crafttweaker\staging\itemsAndRecipes\items\purpleSlimeDirt.zs} as we are currently loading with a different loader
[PREINITIALIZATION][SERVER][INFO] [preinit | SIDE_SERVER]: Skipping file {[0:crafttweaker]: crafttweaker\staging\itemsAndRecipes\items\redMulch.zs} as we are currently loading with a different loader
[PREINITIALIZATION][SERVER][INFO] [preinit | SIDE_SERVER]: Skipping file {[0:crafttweaker]: crafttweaker\staging\itemsAndRecipes\items\rubyMulch.zs} as we are currently loading with a different loader
[PREINITIALIZATION][SERVER][INFO] [preinit | SIDE_SERVER]: Skipping file {[0:crafttweaker]: crafttweaker\staging\itemsAndRecipes\items\smeltery.zs} as we are currently loading with a different loader
[PREINITIALIZATION][SERVER][INFO] [preinit | SIDE_SERVER]: Skipping file {[0:crafttweaker]: crafttweaker\staging\itemsAndRecipes\items\twilightForest.zs} as we are currently loading with a different loader
[PREINITIALIZATION][SERVER][INFO] [preinit | SIDE_SERVER]: Skipping file {[0:crafttweaker]: crafttweaker\staging\itemsAndRecipes\items\yellowMulch.zs} as we are currently loading with a different loader
[PREINITIALIZATION][SERVER][INFO] [preinit | SIDE_SERVER]: Skipping file {[0:crafttweaker]: crafttweaker\staging\itemsAndRecipes\modId.zs} as we are currently loading with a different loader
[PREINITIALIZATION][SERVER][INFO] [preinit | SIDE_SERVER]: Skipping file {[0:crafttweaker]: crafttweaker\staging\itemsAndRecipes\stages.zs} as we are currently loading with a different loader
[PREINITIALIZATION][SERVER][INFO] [preinit | SIDE_SERVER]: Skipping file {[0:crafttweaker]: crafttweaker\staging\tooltips.zs} as we are currently loading with a different loader
[PREINITIALIZATION][SERVER][INFO] [preinit | SIDE_SERVER]: Skipping file {[-100:contenttweaker]: contenttweaker\postInit.zs} as we are currently loading with a different loader
[PREINITIALIZATION][SERVER][INFO] [preinit | SIDE_SERVER]: Skipping file {[-100:crafttweaker]: crafttweaker\postInit.zs} as we are currently loading with a different loader
[PREINITIALIZATION][SERVER][INFO] Completed script loading in: 6ms
[PREINITIALIZATION][SERVER][INFO] Current loaders after merging: [[preinit], [contenttweaker]]
[PREINITIALIZATION][SERVER][INFO] Loading scripts for loader with names [contenttweaker]
[PREINITIALIZATION][SERVER][INFO] [contenttweaker | SIDE_SERVER]: Skipping file {[4100:crafttweaker]: crafttweaker\env.dev.zs} as we are currently loading with a different loader
[PREINITIALIZATION][SERVER][INFO] [contenttweaker | SIDE_SERVER]: Skipping file {[4050:crafttweaker]: crafttweaker\utils.zs} as we are currently loading with a different loader
[PREINITIALIZATION][SERVER][INFO] [contenttweaker | SIDE_SERVER]: Skipping file {[4049:crafttweaker]: crafttweaker\craftingUtils.zs} as we are currently loading with a different loader
[PREINITIALIZATION][SERVER][INFO] [contenttweaker | SIDE_SERVER]: Loading Script: {[4000:contenttweaker]: contenttweaker\materials\init.zs}
[PREINITIALIZATION][SERVER][INFO] [contenttweaker | SIDE_SERVER]: Loading Script: {[4000:contenttweaker]: contenttweaker\materials\utils.zs}
[PREINITIALIZATION][SERVER][INFO] [contenttweaker | SIDE_SERVER]: Skipping file {[4000:crafttweaker]: crafttweaker\preInit.zs} as we are currently loading with a different loader
[PREINITIALIZATION][SERVER][INFO] [contenttweaker | SIDE_SERVER]: Skipping file {[3999:crafttweaker]: crafttweaker\stages.zs} as we are currently loading with a different loader
[PREINITIALIZATION][SERVER][INFO] [contenttweaker | SIDE_SERVER]: Skipping file {[3400:crafttweaker]: crafttweaker\classes\mods\appliedEnergistics.zs} as we are currently loading with a different loader
[PREINITIALIZATION][SERVER][INFO] [contenttweaker | SIDE_SERVER]: Skipping file {[3400:crafttweaker]: crafttweaker\classes\mods\astralSorcery.zs} as we are currently loading with a different loader
[PREINITIALIZATION][SERVER][INFO] [contenttweaker | SIDE_SERVER]: Skipping file {[3400:crafttweaker]: crafttweaker\classes\mods\cyclic.zs} as we are currently loading with a different loader
[PREINITIALIZATION][SERVER][INFO] [contenttweaker | SIDE_SERVER]: Skipping file {[3400:crafttweaker]: crafttweaker\classes\mods\horsePower.zs} as we are currently loading with a different loader
[PREINITIALIZATION][SERVER][INFO] [contenttweaker | SIDE_SERVER]: Skipping file {[3400:crafttweaker]: crafttweaker\classes\mods\industrialForegoing.zs} as we are currently loading with a different loader
[PREINITIALIZATION][SERVER][INFO] [contenttweaker | SIDE_SERVER]: Skipping file {[3400:crafttweaker]: crafttweaker\classes\mods\inspirations.zs} as we are currently loading with a different loader
[PREINITIALIZATION][SERVER][INFO] [contenttweaker | SIDE_SERVER]: Skipping file {[3400:crafttweaker]: crafttweaker\classes\mods\integratedDynamics.zs} as we are currently loading with a different loader
[PREINITIALIZATION][SERVER][INFO] [contenttweaker | SIDE_SERVER]: Skipping file {[3400:crafttweaker]: crafttweaker\classes\mods\mekanism.zs} as we are currently loading with a different loader
[PREINITIALIZATION][SERVER][INFO] [contenttweaker | SIDE_SERVER]: Skipping file {[3400:crafttweaker]: crafttweaker\classes\mods\nuclearCraft.zs} as we are currently loading with a different loader
[PREINITIALIZATION][SERVER][INFO] [contenttweaker | SIDE_SERVER]: Skipping file {[3400:crafttweaker]: crafttweaker\classes\mods\practicalLogistics.zs} as we are currently loading with a different loader
[PREINITIALIZATION][SERVER][INFO] [contenttweaker | SIDE_SERVER]: Skipping file {[3400:crafttweaker]: crafttweaker\classes\mods\prestige.zs} as we are currently loading with a different loader
[PREINITIALIZATION][SERVER][INFO] [contenttweaker | SIDE_SERVER]: Skipping file {[3400:crafttweaker]: crafttweaker\classes\mods\rustic.zs} as we are currently loading with a different loader
[PREINITIALIZATION][SERVER][INFO] [contenttweaker | SIDE_SERVER]: Skipping file {[3400:crafttweaker]: crafttweaker\classes\mods\tinkers.zs} as we are currently loading with a different loader
[PREINITIALIZATION][SERVER][INFO] [contenttweaker | SIDE_SERVER]: Skipping file {[3400:crafttweaker]: crafttweaker\classes\utils\recipeUtil.zs} as we are currently loading with a different loader
[PREINITIALIZATION][SERVER][INFO] [contenttweaker | SIDE_SERVER]: Skipping file {[3100:crafttweaker]: crafttweaker\classes\init.zs} as we are currently loading with a different loader
[PREINITIALIZATION][SERVER][INFO] [contenttweaker | SIDE_SERVER]: Skipping file {[3000:crafttweaker]: crafttweaker\classes\resources\resource.zs} as we are currently loading with a different loader
[PREINITIALIZATION][SERVER][INFO] [contenttweaker | SIDE_SERVER]: Skipping file {[3000:crafttweaker]: crafttweaker\classes\resources\resourceHogType.zs} as we are currently loading with a different loader
[PREINITIALIZATION][SERVER][INFO] [contenttweaker | SIDE_SERVER]: Skipping file {[3000:crafttweaker]: crafttweaker\classes\resources\skyOrchardsType.zs} as we are currently loading with a different loader
[PREINITIALIZATION][SERVER][INFO] [contenttweaker | SIDE_SERVER]: Skipping file {[2850:crafttweaker]: crafttweaker\classes\utils\unifier.zs} as we are currently loading with a different loader
[PREINITIALIZATION][SERVER][INFO] [contenttweaker | SIDE_SERVER]: Skipping file {[2849:crafttweaker]: crafttweaker\classes\initUnifier.zs} as we are currently loading with a different loader
[PREINITIALIZATION][SERVER][INFO] [contenttweaker | SIDE_SERVER]: Skipping file {[2700:crafttweaker]: crafttweaker\oredict\carpet.zs} as we are currently loading with a different loader
[PREINITIALIZATION][SERVER][INFO] [contenttweaker | SIDE_SERVER]: Skipping file {[2700:crafttweaker]: crafttweaker\oredict\cauldron.zs} as we are currently loading with a different loader
[PREINITIALIZATION][SERVER][INFO] [contenttweaker | SIDE_SERVER]: Skipping file {[2700:crafttweaker]: crafttweaker\oredict\mods\appliedEnergistics2.zs} as we are currently loading with a different loader
[PREINITIALIZATION][SERVER][INFO] [contenttweaker | SIDE_SERVER]: Skipping file {[2700:crafttweaker]: crafttweaker\oredict\mods\matteroverdrive.zs} as we are currently loading with a different loader
[PREINITIALIZATION][SERVER][INFO] [contenttweaker | SIDE_SERVER]: Skipping file {[2700:crafttweaker]: crafttweaker\oredict\mods\thermalFoundation.zs} as we are currently loading with a different loader
[PREINITIALIZATION][SERVER][INFO] [contenttweaker | SIDE_SERVER]: Skipping file {[2700:crafttweaker]: crafttweaker\oredict\mods\twilightForest.zs} as we are currently loading with a different loader
[PREINITIALIZATION][SERVER][INFO] [contenttweaker | SIDE_SERVER]: Skipping file {[2600:crafttweaker]: crafttweaker\oredict\leaves.zs} as we are currently loading with a different loader
[PREINITIALIZATION][SERVER][INFO] [contenttweaker | SIDE_SERVER]: Skipping file {[2600:crafttweaker]: crafttweaker\oredict\misc.zs} as we are currently loading with a different loader
[PREINITIALIZATION][SERVER][INFO] [contenttweaker | SIDE_SERVER]: Skipping file {[2350:crafttweaker]: crafttweaker\resources\resourceHogs.zs} as we are currently loading with a different loader
[PREINITIALIZATION][SERVER][INFO] [contenttweaker | SIDE_SERVER]: Skipping file {[2350:crafttweaker]: crafttweaker\resources\skyOrchards.zs} as we are currently loading with a different loader
[PREINITIALIZATION][SERVER][INFO] [contenttweaker | SIDE_SERVER]: Skipping file {[2349:crafttweaker]: crafttweaker\resources\resources.zs} as we are currently loading with a different loader
[PREINITIALIZATION][SERVER][INFO] [contenttweaker | SIDE_SERVER]: Skipping file {[2348:crafttweaker]: crafttweaker\resources\unify.zs} as we are currently loading with a different loader
[PREINITIALIZATION][SERVER][INFO] [contenttweaker | SIDE_SERVER]: Skipping file {[2300:crafttweaker]: crafttweaker\resources\init.zs} as we are currently loading with a different loader
[PREINITIALIZATION][SERVER][INFO] [contenttweaker | SIDE_SERVER]: Loading Script: {[0:contenttweaker]: contenttweaker\blocks.zs}
[PREINITIALIZATION][SERVER][INFO] [contenttweaker | SIDE_SERVER]: Loading Script: {[0:contenttweaker]: contenttweaker\fluids.zs}
[PREINITIALIZATION][SERVER][INFO] [contenttweaker | SIDE_SERVER]: Loading Script: {[0:contenttweaker]: contenttweaker\items.zs}
[PREINITIALIZATION][SERVER][INFO] [contenttweaker | SIDE_SERVER]: Loading Script: {[0:contenttweaker]: contenttweaker\materials\largeScale.zs}
[PREINITIALIZATION][SERVER][INFO] [contenttweaker | SIDE_SERVER]: Loading Script: {[0:contenttweaker]: contenttweaker\materials\misc.zs}
[PREINITIALIZATION][SERVER][INFO] [contenttweaker | SIDE_SERVER]: Skipping file {[0:crafttweaker]: crafttweaker\env.production.zs} as we are currently loading with a different loader
[PREINITIALIZATION][SERVER][INFO] [contenttweaker | SIDE_SERVER]: Skipping file {[0:crafttweaker]: crafttweaker\grassSeedDrop.zs} as we are currently loading with a different loader
[PREINITIALIZATION][SERVER][INFO] [contenttweaker | SIDE_SERVER]: Skipping file {[0:crafttweaker]: crafttweaker\itemModifiers\burnTime.zs} as we are currently loading with a different loader
[PREINITIALIZATION][SERVER][INFO] [contenttweaker | SIDE_SERVER]: Skipping file {[0:crafttweaker]: crafttweaker\itemModifiers\hardness.zs} as we are currently loading with a different loader
[PREINITIALIZATION][SERVER][INFO] [contenttweaker | SIDE_SERVER]: Skipping file {[0:crafttweaker]: crafttweaker\itemModifiers\harvestLevel.zs} as we are currently loading with a different loader
[PREINITIALIZATION][SERVER][INFO] [contenttweaker | SIDE_SERVER]: Skipping file {[0:crafttweaker]: crafttweaker\itemModifiers\hide.zs} as we are currently loading with a different loader
[PREINITIALIZATION][SERVER][INFO] [contenttweaker | SIDE_SERVER]: Skipping file {[0:crafttweaker]: crafttweaker\itemModifiers\rename.zs} as we are currently loading with a different loader
[PREINITIALIZATION][SERVER][INFO] [contenttweaker | SIDE_SERVER]: Skipping file {[0:crafttweaker]: crafttweaker\itemModifiers\tooltips.zs} as we are currently loading with a different loader
[PREINITIALIZATION][SERVER][INFO] [contenttweaker | SIDE_SERVER]: Skipping file {[0:crafttweaker]: crafttweaker\modIntegrations\appliedEnergistics2.zs} as we are currently loading with a different loader
[PREINITIALIZATION][SERVER][INFO] [contenttweaker | SIDE_SERVER]: Skipping file {[0:crafttweaker]: crafttweaker\modIntegrations\bonsaitrees.zs} as we are currently loading with a different loader
[PREINITIALIZATION][SERVER][INFO] [contenttweaker | SIDE_SERVER]: Skipping file {[0:crafttweaker]: crafttweaker\modIntegrations\cyclic.zs} as we are currently loading with a different loader
[PREINITIALIZATION][SERVER][INFO] [contenttweaker | SIDE_SERVER]: Skipping file {[0:crafttweaker]: crafttweaker\modIntegrations\horsePower.zs} as we are currently loading with a different loader
[PREINITIALIZATION][SERVER][INFO] [contenttweaker | SIDE_SERVER]: Skipping file {[0:crafttweaker]: crafttweaker\modIntegrations\industrialForegoing.zs} as we are currently loading with a different loader
[PREINITIALIZATION][SERVER][INFO] [contenttweaker | SIDE_SERVER]: Skipping file {[0:crafttweaker]: crafttweaker\modIntegrations\inspirations.zs} as we are currently loading with a different loader
[PREINITIALIZATION][SERVER][INFO] [contenttweaker | SIDE_SERVER]: Skipping file {[0:crafttweaker]: crafttweaker\modIntegrations\integratedDynamics.zs} as we are currently loading with a different loader
[PREINITIALIZATION][SERVER][INFO] [contenttweaker | SIDE_SERVER]: Skipping file {[0:crafttweaker]: crafttweaker\modIntegrations\mekanism.zs} as we are currently loading with a different loader
[PREINITIALIZATION][SERVER][INFO] [contenttweaker | SIDE_SERVER]: Skipping file {[0:crafttweaker]: crafttweaker\modIntegrations\nuclearcraft.zs} as we are currently loading with a different loader
[PREINITIALIZATION][SERVER][INFO] [contenttweaker | SIDE_SERVER]: Skipping file {[0:crafttweaker]: crafttweaker\modIntegrations\practicalLogistics.zs} as we are currently loading with a different loader
[PREINITIALIZATION][SERVER][INFO] [contenttweaker | SIDE_SERVER]: Skipping file {[0:crafttweaker]: crafttweaker\modIntegrations\rustic.zs} as we are currently loading with a different loader
[PREINITIALIZATION][SERVER][INFO] [contenttweaker | SIDE_SERVER]: Skipping file {[0:crafttweaker]: crafttweaker\modIntegrations\tinkers.zs} as we are currently loading with a different loader
[PREINITIALIZATION][SERVER][INFO] [contenttweaker | SIDE_SERVER]: Skipping file {[0:crafttweaker]: crafttweaker\oredict\mods\industrialForegoing.zs} as we are currently loading with a different loader
[PREINITIALIZATION][SERVER][INFO] [contenttweaker | SIDE_SERVER]: Skipping file {[0:crafttweaker]: crafttweaker\prestige.zs} as we are currently loading with a different loader
[PREINITIALIZATION][SERVER][INFO] [contenttweaker | SIDE_SERVER]: Skipping file {[0:crafttweaker]: crafttweaker\recipes\furnace.zs} as we are currently loading with a different loader
[PREINITIALIZATION][SERVER][INFO] [contenttweaker | SIDE_SERVER]: Skipping file {[0:crafttweaker]: crafttweaker\recipes\mods\animalcrops.zs} as we are currently loading with a different loader
[PREINITIALIZATION][SERVER][INFO] [contenttweaker | SIDE_SERVER]: Skipping file {[0:crafttweaker]: crafttweaker\recipes\mods\appliedEnergistics2.zs} as we are currently loading with a different loader
[PREINITIALIZATION][SERVER][INFO] [contenttweaker | SIDE_SERVER]: Skipping file {[0:crafttweaker]: crafttweaker\recipes\mods\astralSorcery.zs} as we are currently loading with a different loader
[PREINITIALIZATION][SERVER][INFO] [contenttweaker | SIDE_SERVER]: Skipping file {[0:crafttweaker]: crafttweaker\recipes\mods\bdsandm.zs} as we are currently loading with a different loader
[PREINITIALIZATION][SERVER][INFO] [contenttweaker | SIDE_SERVER]: Skipping file {[0:crafttweaker]: crafttweaker\recipes\mods\chineseworkshop.zs} as we are currently loading with a different loader
[PREINITIALIZATION][SERVER][INFO] [contenttweaker | SIDE_SERVER]: Skipping file {[0:crafttweaker]: crafttweaker\recipes\mods\clickMachine.zs} as we are currently loading with a different loader
[PREINITIALIZATION][SERVER][INFO] [contenttweaker | SIDE_SERVER]: Skipping file {[0:crafttweaker]: crafttweaker\recipes\mods\cookingForBlockheads.zs} as we are currently loading with a different loader
[PREINITIALIZATION][SERVER][INFO] [contenttweaker | SIDE_SERVER]: Skipping file {[0:crafttweaker]: crafttweaker\recipes\mods\cyclic.zs} as we are currently loading with a different loader
[PREINITIALIZATION][SERVER][INFO] [contenttweaker | SIDE_SERVER]: Skipping file {[0:crafttweaker]: crafttweaker\recipes\mods\darkutils.zs} as we are currently loading with a different loader
[PREINITIALIZATION][SERVER][INFO] [contenttweaker | SIDE_SERVER]: Skipping file {[0:crafttweaker]: crafttweaker\recipes\mods\deepMobLearning.zs} as we are currently loading with a different loader
[PREINITIALIZATION][SERVER][INFO] [contenttweaker | SIDE_SERVER]: Skipping file {[0:crafttweaker]: crafttweaker\recipes\mods\extraCells.zs} as we are currently loading with a different loader
[PREINITIALIZATION][SERVER][INFO] [contenttweaker | SIDE_SERVER]: Skipping file {[0:crafttweaker]: crafttweaker\recipes\mods\iChunUtil.zs} as we are currently loading with a different loader
[PREINITIALIZATION][SERVER][INFO] [contenttweaker | SIDE_SERVER]: Skipping file {[0:crafttweaker]: crafttweaker\recipes\mods\industrialForegoing.zs} as we are currently loading with a different loader
[PREINITIALIZATION][SERVER][INFO] [contenttweaker | SIDE_SERVER]: Skipping file {[0:crafttweaker]: crafttweaker\recipes\mods\inspirations.zs} as we are currently loading with a different loader
[PREINITIALIZATION][SERVER][INFO] [contenttweaker | SIDE_SERVER]: Skipping file {[0:crafttweaker]: crafttweaker\recipes\mods\ironJetpacks.zs} as we are currently loading with a different loader
[PREINITIALIZATION][SERVER][INFO] [contenttweaker | SIDE_SERVER]: Skipping file {[0:crafttweaker]: crafttweaker\recipes\mods\matterOverdrive.zs} as we are currently loading with a different loader
[PREINITIALIZATION][SERVER][INFO] [contenttweaker | SIDE_SERVER]: Skipping file {[0:crafttweaker]: crafttweaker\recipes\mods\mekanism.zs} as we are currently loading with a different loader
[PREINITIALIZATION][SERVER][INFO] [contenttweaker | SIDE_SERVER]: Skipping file {[0:crafttweaker]: crafttweaker\recipes\mods\microblockcbe.zs} as we are currently loading with a different loader
[PREINITIALIZATION][SERVER][INFO] [contenttweaker | SIDE_SERVER]: Skipping file {[0:crafttweaker]: crafttweaker\recipes\mods\minecraft.zs} as we are currently loading with a different loader
[PREINITIALIZATION][SERVER][INFO] [contenttweaker | SIDE_SERVER]: Skipping file {[0:crafttweaker]: crafttweaker\recipes\mods\mysticalAgriculture.zs} as we are currently loading with a different loader
[PREINITIALIZATION][SERVER][INFO] [contenttweaker | SIDE_SERVER]: Skipping file {[0:crafttweaker]: crafttweaker\recipes\mods\nuclearcraft.zs} as we are currently loading with a different loader
[PREINITIALIZATION][SERVER][INFO] [contenttweaker | SIDE_SERVER]: Skipping file {[0:crafttweaker]: crafttweaker\recipes\mods\parabox.zs} as we are currently loading with a different loader
[PREINITIALIZATION][SERVER][INFO] [contenttweaker | SIDE_SERVER]: Skipping file {[0:crafttweaker]: crafttweaker\recipes\mods\primitiveCrafting.zs} as we are currently loading with a different loader
[PREINITIALIZATION][SERVER][INFO] [contenttweaker | SIDE_SERVER]: Skipping file {[0:crafttweaker]: crafttweaker\recipes\mods\projecte.zs} as we are currently loading with a different loader
[PREINITIALIZATION][SERVER][INFO] [contenttweaker | SIDE_SERVER]: Skipping file {[0:crafttweaker]: crafttweaker\recipes\mods\resourceHogs.zs} as we are currently loading with a different loader
[PREINITIALIZATION][SERVER][INFO] [contenttweaker | SIDE_SERVER]: Skipping file {[0:crafttweaker]: crafttweaker\recipes\mods\rftools.zs} as we are currently loading with a different loader
[PREINITIALIZATION][SERVER][INFO] [contenttweaker | SIDE_SERVER]: Skipping file {[0:crafttweaker]: crafttweaker\recipes\mods\rustic.zs} as we are currently loading with a different loader
[PREINITIALIZATION][SERVER][INFO] [contenttweaker | SIDE_SERVER]: Skipping file {[0:crafttweaker]: crafttweaker\recipes\mods\skyOrchards.zs} as we are currently loading with a different loader
[PREINITIALIZATION][SERVER][INFO] [contenttweaker | SIDE_SERVER]: Skipping file {[0:crafttweaker]: crafttweaker\recipes\mods\slabMachines.zs} as we are currently loading with a different loader
[PREINITIALIZATION][SERVER][INFO] [contenttweaker | SIDE_SERVER]: Skipping file {[0:crafttweaker]: crafttweaker\recipes\mods\sonarcore.zs} as we are currently loading with a different loader
[PREINITIALIZATION][SERVER][INFO] [contenttweaker | SIDE_SERVER]: Skipping file {[0:crafttweaker]: crafttweaker\recipes\mods\statues.zs} as we are currently loading with a different loader
[PREINITIALIZATION][SERVER][INFO] [contenttweaker | SIDE_SERVER]: Skipping file {[0:crafttweaker]: crafttweaker\recipes\mods\tconstruct.zs} as we are currently loading with a different loader
[PREINITIALIZATION][SERVER][INFO] [contenttweaker | SIDE_SERVER]: Skipping file {[0:crafttweaker]: crafttweaker\recipes\mods\telepastries.zs} as we are currently loading with a different loader
[PREINITIALIZATION][SERVER][INFO] [contenttweaker | SIDE_SERVER]: Skipping file {[0:crafttweaker]: crafttweaker\recipes\mods\thermalFoundation.zs} as we are currently loading with a different loader
[PREINITIALIZATION][SERVER][INFO] [contenttweaker | SIDE_SERVER]: Skipping file {[0:crafttweaker]: crafttweaker\recipes\mods\tinyProgressions.zs} as we are currently loading with a different loader
[PREINITIALIZATION][SERVER][INFO] [contenttweaker | SIDE_SERVER]: Skipping file {[0:crafttweaker]: crafttweaker\recipes\mods\torchmaster.zs} as we are currently loading with a different loader
[PREINITIALIZATION][SERVER][INFO] [contenttweaker | SIDE_SERVER]: Skipping file {[0:crafttweaker]: crafttweaker\recipes\mods\twilightForest.zs} as we are currently loading with a different loader
[PREINITIALIZATION][SERVER][INFO] [contenttweaker | SIDE_SERVER]: Skipping file {[0:crafttweaker]: crafttweaker\recipes\mods\valkyrieLib.zs} as we are currently loading with a different loader
[PREINITIALIZATION][SERVER][INFO] [contenttweaker | SIDE_SERVER]: Skipping file {[0:crafttweaker]: crafttweaker\recipes\mods\xlfoods.zs} as we are currently loading with a different loader
[PREINITIALIZATION][SERVER][INFO] [contenttweaker | SIDE_SERVER]: Skipping file {[0:crafttweaker]: crafttweaker\recipes\removeAndHide.zs} as we are currently loading with a different loader
[PREINITIALIZATION][SERVER][INFO] [contenttweaker | SIDE_SERVER]: Skipping file {[0:crafttweaker]: crafttweaker\recipes\removeCategory.zs} as we are currently loading with a different loader
[PREINITIALIZATION][SERVER][INFO] [contenttweaker | SIDE_SERVER]: Skipping file {[0:crafttweaker]: crafttweaker\staging\containers.zs} as we are currently loading with a different loader
[PREINITIALIZATION][SERVER][INFO] [contenttweaker | SIDE_SERVER]: Skipping file {[0:crafttweaker]: crafttweaker\staging\dimensions.zs} as we are currently loading with a different loader
[PREINITIALIZATION][SERVER][INFO] [contenttweaker | SIDE_SERVER]: Skipping file {[0:crafttweaker]: crafttweaker\staging\itemsAndRecipes\items\amberMulch.zs} as we are currently loading with a different loader
[PREINITIALIZATION][SERVER][INFO] [contenttweaker | SIDE_SERVER]: Skipping file {[0:crafttweaker]: crafttweaker\staging\itemsAndRecipes\items\android.zs} as we are currently loading with a different loader
[PREINITIALIZATION][SERVER][INFO] [contenttweaker | SIDE_SERVER]: Skipping file {[0:crafttweaker]: crafttweaker\staging\itemsAndRecipes\items\blackMulch.zs} as we are currently loading with a different loader
[PREINITIALIZATION][SERVER][INFO] [contenttweaker | SIDE_SERVER]: Skipping file {[0:crafttweaker]: crafttweaker\staging\itemsAndRecipes\items\blueMulch.zs} as we are currently loading with a different loader
[PREINITIALIZATION][SERVER][INFO] [contenttweaker | SIDE_SERVER]: Skipping file {[0:crafttweaker]: crafttweaker\staging\itemsAndRecipes\items\blueSlimeDirt.zs} as we are currently loading with a different loader
[PREINITIALIZATION][SERVER][INFO] [contenttweaker | SIDE_SERVER]: Skipping file {[0:crafttweaker]: crafttweaker\staging\itemsAndRecipes\items\bonsaiTrees.zs} as we are currently loading with a different loader
[PREINITIALIZATION][SERVER][INFO] [contenttweaker | SIDE_SERVER]: Skipping file {[0:crafttweaker]: crafttweaker\staging\itemsAndRecipes\items\brownMulch.zs} as we are currently loading with a different loader
[PREINITIALIZATION][SERVER][INFO] [contenttweaker | SIDE_SERVER]: Skipping file {[0:crafttweaker]: crafttweaker\staging\itemsAndRecipes\items\fertileSoil.zs} as we are currently loading with a different loader
[PREINITIALIZATION][SERVER][INFO] [contenttweaker | SIDE_SERVER]: Skipping file {[0:crafttweaker]: crafttweaker\staging\itemsAndRecipes\items\megaTorch.zs} as we are currently loading with a different loader
[PREINITIALIZATION][SERVER][INFO] [contenttweaker | SIDE_SERVER]: Skipping file {[0:crafttweaker]: crafttweaker\staging\itemsAndRecipes\items\mobGrindingUtils.zs} as we are currently loading with a different loader
[PREINITIALIZATION][SERVER][INFO] [contenttweaker | SIDE_SERVER]: Skipping file {[0:crafttweaker]: crafttweaker\staging\itemsAndRecipes\items\nonPacifist.zs} as we are currently loading with a different loader
[PREINITIALIZATION][SERVER][INFO] [contenttweaker | SIDE_SERVER]: Skipping file {[0:crafttweaker]: crafttweaker\staging\itemsAndRecipes\items\orangeSlimeDirt.zs} as we are currently loading with a different loader
[PREINITIALIZATION][SERVER][INFO] [contenttweaker | SIDE_SERVER]: Skipping file {[0:crafttweaker]: crafttweaker\staging\itemsAndRecipes\items\paraboxTwo.zs} as we are currently loading with a different loader
[PREINITIALIZATION][SERVER][INFO] [contenttweaker | SIDE_SERVER]: Skipping file {[0:crafttweaker]: crafttweaker\staging\itemsAndRecipes\items\prosperityTree.zs} as we are currently loading with a different loader
[PREINITIALIZATION][SERVER][INFO] [contenttweaker | SIDE_SERVER]: Skipping file {[0:crafttweaker]: crafttweaker\staging\itemsAndRecipes\items\purpleSlimeDirt.zs} as we are currently loading with a different loader
[PREINITIALIZATION][SERVER][INFO] [contenttweaker | SIDE_SERVER]: Skipping file {[0:crafttweaker]: crafttweaker\staging\itemsAndRecipes\items\redMulch.zs} as we are currently loading with a different loader
[PREINITIALIZATION][SERVER][INFO] [contenttweaker | SIDE_SERVER]: Skipping file {[0:crafttweaker]: crafttweaker\staging\itemsAndRecipes\items\rubyMulch.zs} as we are currently loading with a different loader
[PREINITIALIZATION][SERVER][INFO] [contenttweaker | SIDE_SERVER]: Skipping file {[0:crafttweaker]: crafttweaker\staging\itemsAndRecipes\items\smeltery.zs} as we are currently loading with a different loader
[PREINITIALIZATION][SERVER][INFO] [contenttweaker | SIDE_SERVER]: Skipping file {[0:crafttweaker]: crafttweaker\staging\itemsAndRecipes\items\twilightForest.zs} as we are currently loading with a different loader
[PREINITIALIZATION][SERVER][INFO] [contenttweaker | SIDE_SERVER]: Skipping file {[0:crafttweaker]: crafttweaker\staging\itemsAndRecipes\items\yellowMulch.zs} as we are currently loading with a different loader
[PREINITIALIZATION][SERVER][INFO] [contenttweaker | SIDE_SERVER]: Skipping file {[0:crafttweaker]: crafttweaker\staging\itemsAndRecipes\modId.zs} as we are currently loading with a different loader
[PREINITIALIZATION][SERVER][INFO] [contenttweaker | SIDE_SERVER]: Skipping file {[0:crafttweaker]: crafttweaker\staging\itemsAndRecipes\stages.zs} as we are currently loading with a different loader
[PREINITIALIZATION][SERVER][INFO] [contenttweaker | SIDE_SERVER]: Skipping file {[0:crafttweaker]: crafttweaker\staging\tooltips.zs} as we are currently loading with a different loader
[PREINITIALIZATION][SERVER][INFO] [contenttweaker | SIDE_SERVER]: Loading Script: {[-100:contenttweaker]: contenttweaker\postInit.zs}
[PREINITIALIZATION][SERVER][INFO] [contenttweaker | SIDE_SERVER]: Skipping file {[-100:crafttweaker]: crafttweaker\postInit.zs} as we are currently loading with a different loader
[PREINITIALIZATION][SERVER][INFO] Completed script loading in: 266ms
